Internal Server Error: /admin/login/
Traceback (most recent call last):
  File "/Users/dong-ju/Documents/My_code/my_dogs/myven/lib/python3.11/site-packages/django/core/files/storage/handler.py", line 35, in __getitem__
    return self._storages[alias]
           ~~~~~~~~~~~~~~^^^^^^^
KeyError: 'staticfiles'

During handling of the above exception, another exception occurred:

Traceback (most recent call last):
  File "/Users/dong-ju/Documents/My_code/my_dogs/myven/lib/python3.11/site-packages/storages/backends/s3.py", line 34, in <module>
    import boto3.session
ModuleNotFoundError: No module named 'boto3'

During handling of the above exception, another exception occurred:

Traceback (most recent call last):
  File "/Users/dong-ju/Documents/My_code/my_dogs/myven/lib/python3.11/site-packages/django/core/handlers/exception.py", line 55, in inner
    response = get_response(request)
               ^^^^^^^^^^^^^^^^^^^^^
  File "/Users/dong-ju/Documents/My_code/my_dogs/myven/lib/python3.11/site-packages/django/core/handlers/base.py", line 220, in _get_response
    response = response.render()
               ^^^^^^^^^^^^^^^^^
  File "/Users/dong-ju/Documents/My_code/my_dogs/myven/lib/python3.11/site-packages/django/template/response.py", line 114, in render
    self.content = self.rendered_content
                   ^^^^^^^^^^^^^^^^^^^^^
  File "/Users/dong-ju/Documents/My_code/my_dogs/myven/lib/python3.11/site-packages/django/template/response.py", line 92, in rendered_content
    return template.render(context, self._request)
           ^^^^^^^^^^^^^^^^^^^^^^^^^^^^^^^^^^^^^^^
  File "/Users/dong-ju/Documents/My_code/my_dogs/myven/lib/python3.11/site-packages/django/template/backends/django.py", line 61, in render
    return self.template.render(context)
           ^^^^^^^^^^^^^^^^^^^^^^^^^^^^^
  File "/Users/dong-ju/Documents/My_code/my_dogs/myven/lib/python3.11/site-packages/django/template/base.py", line 175, in render
    return self._render(context)
           ^^^^^^^^^^^^^^^^^^^^^
  File "/Users/dong-ju/Documents/My_code/my_dogs/myven/lib/python3.11/site-packages/django/template/base.py", line 167, in _render
    return self.nodelist.render(context)
           ^^^^^^^^^^^^^^^^^^^^^^^^^^^^^
  File "/Users/dong-ju/Documents/My_code/my_dogs/myven/lib/python3.11/site-packages/django/template/base.py", line 1005, in render
    return SafeString("".join([node.render_annotated(context) for node in self]))
                              ^^^^^^^^^^^^^^^^^^^^^^^^^^^^^^^^^^^^^^^^^^^^^^^^^
  File "/Users/dong-ju/Documents/My_code/my_dogs/myven/lib/python3.11/site-packages/django/template/base.py", line 1005, in <listcomp>
    return SafeString("".join([node.render_annotated(context) for node in self]))
                               ^^^^^^^^^^^^^^^^^^^^^^^^^^^^^^
  File "/Users/dong-ju/Documents/My_code/my_dogs/myven/lib/python3.11/site-packages/django/template/base.py", line 966, in render_annotated
    return self.render(context)
           ^^^^^^^^^^^^^^^^^^^^
  File "/Users/dong-ju/Documents/My_code/my_dogs/myven/lib/python3.11/site-packages/django/template/loader_tags.py", line 157, in render
    return compiled_parent._render(context)
           ^^^^^^^^^^^^^^^^^^^^^^^^^^^^^^^^
  File "/Users/dong-ju/Documents/My_code/my_dogs/myven/lib/python3.11/site-packages/django/template/base.py", line 167, in _render
    return self.nodelist.render(context)
           ^^^^^^^^^^^^^^^^^^^^^^^^^^^^^
  File "/Users/dong-ju/Documents/My_code/my_dogs/myven/lib/python3.11/site-packages/django/template/base.py", line 1005, in render
    return SafeString("".join([node.render_annotated(context) for node in self]))
                              ^^^^^^^^^^^^^^^^^^^^^^^^^^^^^^^^^^^^^^^^^^^^^^^^^
  File "/Users/dong-ju/Documents/My_code/my_dogs/myven/lib/python3.11/site-packages/django/template/base.py", line 1005, in <listcomp>
    return SafeString("".join([node.render_annotated(context) for node in self]))
                               ^^^^^^^^^^^^^^^^^^^^^^^^^^^^^^
  File "/Users/dong-ju/Documents/My_code/my_dogs/myven/lib/python3.11/site-packages/django/template/base.py", line 966, in render_annotated
    return self.render(context)
           ^^^^^^^^^^^^^^^^^^^^
  File "/Users/dong-ju/Documents/My_code/my_dogs/myven/lib/python3.11/site-packages/django/template/loader_tags.py", line 157, in render
    return compiled_parent._render(context)
           ^^^^^^^^^^^^^^^^^^^^^^^^^^^^^^^^
  File "/Users/dong-ju/Documents/My_code/my_dogs/myven/lib/python3.11/site-packages/django/template/base.py", line 167, in _render
    return self.nodelist.render(context)
           ^^^^^^^^^^^^^^^^^^^^^^^^^^^^^
  File "/Users/dong-ju/Documents/My_code/my_dogs/myven/lib/python3.11/site-packages/django/template/base.py", line 1005, in render
    return SafeString("".join([node.render_annotated(context) for node in self]))
                              ^^^^^^^^^^^^^^^^^^^^^^^^^^^^^^^^^^^^^^^^^^^^^^^^^
  File "/Users/dong-ju/Documents/My_code/my_dogs/myven/lib/python3.11/site-packages/django/template/base.py", line 1005, in <listcomp>
    return SafeString("".join([node.render_annotated(context) for node in self]))
                               ^^^^^^^^^^^^^^^^^^^^^^^^^^^^^^
  File "/Users/dong-ju/Documents/My_code/my_dogs/myven/lib/python3.11/site-packages/django/template/base.py", line 966, in render_annotated
    return self.render(context)
           ^^^^^^^^^^^^^^^^^^^^
  File "/Users/dong-ju/Documents/My_code/my_dogs/myven/lib/python3.11/site-packages/django/template/loader_tags.py", line 63, in render
    result = block.nodelist.render(context)
             ^^^^^^^^^^^^^^^^^^^^^^^^^^^^^^
  File "/Users/dong-ju/Documents/My_code/my_dogs/myven/lib/python3.11/site-packages/django/template/base.py", line 1005, in render
    return SafeString("".join([node.render_annotated(context) for node in self]))
                              ^^^^^^^^^^^^^^^^^^^^^^^^^^^^^^^^^^^^^^^^^^^^^^^^^
  File "/Users/dong-ju/Documents/My_code/my_dogs/myven/lib/python3.11/site-packages/django/template/base.py", line 1005, in <listcomp>
    return SafeString("".join([node.render_annotated(context) for node in self]))
                               ^^^^^^^^^^^^^^^^^^^^^^^^^^^^^^
  File "/Users/dong-ju/Documents/My_code/my_dogs/myven/lib/python3.11/site-packages/django/template/base.py", line 966, in render_annotated
    return self.render(context)
           ^^^^^^^^^^^^^^^^^^^^
  File "/Users/dong-ju/Documents/My_code/my_dogs/myven/lib/python3.11/site-packages/django/templatetags/static.py", line 116, in render
    url = self.url(context)
          ^^^^^^^^^^^^^^^^^
  File "/Users/dong-ju/Documents/My_code/my_dogs/myven/lib/python3.11/site-packages/django/templatetags/static.py", line 113, in url
    return self.handle_simple(path)
           ^^^^^^^^^^^^^^^^^^^^^^^^
  File "/Users/dong-ju/Documents/My_code/my_dogs/myven/lib/python3.11/site-packages/django/templatetags/static.py", line 129, in handle_simple
    return staticfiles_storage.url(path)
           ^^^^^^^^^^^^^^^^^^^^^^^
  File "/Users/dong-ju/Documents/My_code/my_dogs/myven/lib/python3.11/site-packages/django/utils/functional.py", line 266, in inner
    self._setup()
  File "/Users/dong-ju/Documents/My_code/my_dogs/myven/lib/python3.11/site-packages/django/contrib/staticfiles/storage.py", line 537, in _setup
    self._wrapped = storages[STATICFILES_STORAGE_ALIAS]
                    ~~~~~~~~^^^^^^^^^^^^^^^^^^^^^^^^^^^
  File "/Users/dong-ju/Documents/My_code/my_dogs/myven/lib/python3.11/site-packages/django/core/files/storage/handler.py", line 43, in __getitem__
    storage = self.create_storage(params)
              ^^^^^^^^^^^^^^^^^^^^^^^^^^^
  File "/Users/dong-ju/Documents/My_code/my_dogs/myven/lib/python3.11/site-packages/django/core/files/storage/handler.py", line 52, in create_storage
    storage_cls = import_string(backend)
                  ^^^^^^^^^^^^^^^^^^^^^^
  File "/Users/dong-ju/Documents/My_code/my_dogs/myven/lib/python3.11/site-packages/django/utils/module_loading.py", line 30, in import_string
    return cached_import(module_path, class_name)
           ^^^^^^^^^^^^^^^^^^^^^^^^^^^^^^^^^^^^^^
  File "/Users/dong-ju/Documents/My_code/my_dogs/myven/lib/python3.11/site-packages/django/utils/module_loading.py", line 15, in cached_import
    module = import_module(module_path)
             ^^^^^^^^^^^^^^^^^^^^^^^^^^
  File "/Library/Frameworks/Python.framework/Versions/3.11/lib/python3.11/importlib/__init__.py", line 126, in import_module
    return _bootstrap._gcd_import(name[level:], package, level)
           ^^^^^^^^^^^^^^^^^^^^^^^^^^^^^^^^^^^^^^^^^^^^^^^^^^^^
  File "<frozen importlib._bootstrap>", line 1204, in _gcd_import
  File "<frozen importlib._bootstrap>", line 1176, in _find_and_load
  File "<frozen importlib._bootstrap>", line 1147, in _find_and_load_unlocked
  File "<frozen importlib._bootstrap>", line 690, in _load_unlocked
  File "<frozen importlib._bootstrap_external>", line 940, in exec_module
  File "<frozen importlib._bootstrap>", line 241, in _call_with_frames_removed
  File "/Users/dong-ju/Documents/My_code/my_dogs/myven/lib/python3.11/site-packages/storages/backends/s3boto3.py", line 3, in <module>
    from storages.backends.s3 import S3File as S3Boto3StorageFile  # noqa
    ^^^^^^^^^^^^^^^^^^^^^^^^^^^^^^^^^^^^^^^^^^^^^^^^^^^^^^^^^^^^^
  File "/Users/dong-ju/Documents/My_code/my_dogs/myven/lib/python3.11/site-packages/storages/backends/s3.py", line 41, in <module>
    raise ImproperlyConfigured("Could not load Boto3's S3 bindings. %s" % e)
django.core.exceptions.ImproperlyConfigured: Could not load Boto3's S3 bindings. No module named 'boto3'
"GET /admin/login/?next=/admin/ HTTP/1.1" 500 145
